 2022-06-14 13:09:29,704 - INFO - Success
 2022-06-14 13:09:29,715 - INFO - Started server process [262840]
 2022-06-14 13:09:29,716 - INFO - Waiting for application startup.
 2022-06-14 13:09:29,716 - INFO - Application startup complete.
 2022-06-14 13:09:35,700 - INFO - <sqlite3.Cursor object at 0x7f8ccc21d420>
 2022-06-14 13:10:03,086 - INFO - <sqlite3.Cursor object at 0x7f8ccc21d420>
 2022-06-14 13:10:14,875 - INFO - Location:15.92,74.40
 2022-06-14 13:10:14,875 - INFO - Address point: (15.42, 75.11) --                     Range:<class 'range'> -- Difference: 7854.9803358131 km
 2022-06-14 13:10:14,875 - INFO - Location:15.92,74.40
 2022-06-14 13:10:14,876 - INFO - Address point: (15.92, 74.11) --                     Range:<class 'range'> -- Difference: 7752.592152170044 km
 2022-06-14 13:10:41,279 - INFO - Location:15.92,74.10
 2022-06-14 13:10:41,279 - INFO - Address point: (15.42, 75.11) --                     Range:<class 'range'> -- Difference: 7854.9803358131 km
 2022-06-14 13:10:41,279 - INFO - Location:15.92,74.10
 2022-06-14 13:10:41,280 - INFO - Address point: (15.92, 74.11) --                     Range:<class 'range'> -- Difference: 7752.592152170044 km
 2022-06-14 13:10:45,731 - INFO - Location:15.92,74.11
 2022-06-14 13:10:45,732 - INFO - Address point: (15.42, 75.11) --                     Range:<class 'range'> -- Difference: 7854.9803358131 km
 2022-06-14 13:10:45,732 - INFO - Location:15.92,74.11
 2022-06-14 13:10:45,732 - INFO - Address point: (15.92, 74.11) --                     Range:<class 'range'> -- Difference: 7752.592152170044 km
 2022-06-14 13:11:09,582 - INFO - Location:15.92,74.11
 2022-06-14 13:11:09,582 - INFO - Address point: (15.42, 75.11) --                     Range:<class 'range'> -- Difference: 7854.9803358131 km
 2022-06-14 13:11:09,582 - INFO - Location:15.92,74.11
 2022-06-14 13:11:09,583 - INFO - Address point: (15.92, 74.11) --                     Range:<class 'range'> -- Difference: 7752.592152170044 km
 2022-06-14 13:11:23,424 - INFO - Shutting down
 2022-06-14 13:11:23,525 - INFO - Waiting for application shutdown.
 2022-06-14 13:11:23,525 - INFO - Application shutdown complete.
 2022-06-14 13:11:23,526 - INFO - Finished server process [262840]
 2022-06-14 13:11:24,564 - INFO - Success
 2022-06-14 13:11:24,569 - INFO - Started server process [263040]
 2022-06-14 13:11:24,570 - INFO - Waiting for application startup.
 2022-06-14 13:11:24,571 - INFO - Application startup complete.
 2022-06-14 13:11:27,230 - INFO - Location:['15.92', '74.11']
 2022-06-14 13:11:27,230 - INFO - Address point: (15.42, 75.11) --                     Range:<class 'range'> -- Difference: 120.6426872447018 km
 2022-06-14 13:11:27,230 - INFO - Location:['15.92', '74.11']
 2022-06-14 13:11:27,230 - INFO - Address point: (15.92, 74.11) --                     Range:<class 'range'> -- Difference: 0.0 km
 2022-06-14 13:11:57,504 - INFO - Shutting down
 2022-06-14 13:11:57,605 - INFO - Waiting for application shutdown.
 2022-06-14 13:11:57,606 - INFO - Application shutdown complete.
 2022-06-14 13:11:57,607 - INFO - Finished server process [263040]
 2022-06-14 13:11:58,236 - INFO - Success
 2022-06-14 13:11:58,243 - INFO - Started server process [263091]
 2022-06-14 13:11:58,243 - INFO - Waiting for application startup.
 2022-06-14 13:11:58,244 - INFO - Application startup complete.
 2022-06-14 13:12:00,749 - INFO - Location:['15.92', '74.11']
 2022-06-14 13:12:00,750 - INFO - Address point: (15.42, 75.11) --                     Range:<class 'range'> -- Difference: 120.6426872447018 km
 2022-06-14 13:12:00,750 - INFO - Location:['15.92', '74.11']
 2022-06-14 13:12:00,750 - INFO - Address point: (15.92, 74.11) --                     Range:<class 'range'> -- Difference: 0.0 km
 2022-06-14 13:12:36,897 - INFO - Shutting down
 2022-06-14 13:12:36,998 - INFO - Waiting for application shutdown.
 2022-06-14 13:12:36,999 - INFO - Application shutdown complete.
 2022-06-14 13:12:36,999 - INFO - Finished server process [263091]
 2022-06-14 13:12:37,985 - INFO - Success
 2022-06-14 13:12:37,990 - INFO - Started server process [263152]
 2022-06-14 13:12:37,991 - INFO - Waiting for application startup.
 2022-06-14 13:12:37,992 - INFO - Application startup complete.
 2022-06-14 13:12:41,616 - INFO - Location:['15.92', '74.11']
 2022-06-14 13:12:41,616 - INFO - Address point: (15.42, 75.11) --                     Range:<class 'range'> -- Difference: 120.6426872447018 km
 2022-06-14 13:12:41,617 - INFO - Location:['15.92', '74.11']
 2022-06-14 13:12:41,617 - INFO - Address point: (15.92, 74.11) --                     Range:<class 'range'> -- Difference: 0.0 km
 2022-06-14 13:12:56,797 - INFO - Shutting down
 2022-06-14 13:12:56,898 - INFO - Waiting for application shutdown.
 2022-06-14 13:12:56,898 - INFO - Application shutdown complete.
 2022-06-14 13:12:56,898 - INFO - Finished server process [263152]
 2022-06-14 13:12:57,547 - INFO - Success
 2022-06-14 13:12:57,552 - INFO - Started server process [263203]
 2022-06-14 13:12:57,553 - INFO - Waiting for application startup.
 2022-06-14 13:12:57,554 - INFO - Application startup complete.
 2022-06-14 13:12:59,452 - INFO - Location:['15.92', '74.11']
 2022-06-14 13:12:59,453 - INFO - Address point: (15.42, 75.11) --                     Range:<class 'range'> -- Difference: 120.6426872447018 km
 2022-06-14 13:12:59,453 - INFO - Location:['15.92', '74.11']
 2022-06-14 13:12:59,453 - INFO - Address point: (15.92, 74.11) --                     Range:<class 'range'> -- Difference: 0.0 km
 2022-06-14 13:13:08,408 - INFO - Shutting down
 2022-06-14 13:13:08,509 - INFO - Waiting for application shutdown.
 2022-06-14 13:13:08,510 - INFO - Application shutdown complete.
 2022-06-14 13:13:08,510 - INFO - Finished server process [263203]
 2022-06-14 13:13:09,841 - INFO - Success
 2022-06-14 13:13:09,847 - INFO - Started server process [263238]
 2022-06-14 13:13:09,847 - INFO - Waiting for application startup.
 2022-06-14 13:13:09,848 - INFO - Application startup complete.
 2022-06-14 13:13:19,816 - INFO - Shutting down
 2022-06-14 13:13:19,917 - INFO - Waiting for application shutdown.
 2022-06-14 13:13:19,917 - INFO - Application shutdown complete.
 2022-06-14 13:13:19,918 - INFO - Finished server process [263238]
 2022-06-14 13:13:20,497 - INFO - Success
 2022-06-14 13:13:20,502 - INFO - Started server process [263258]
 2022-06-14 13:13:20,503 - INFO - Waiting for application startup.
 2022-06-14 13:13:20,504 - INFO - Application startup complete.
 2022-06-14 13:14:07,095 - INFO - <sqlite3.Cursor object at 0x7fbea07633b0>
 2022-06-14 13:14:11,616 - INFO - <sqlite3.Cursor object at 0x7fbea07633b0>
 2022-06-14 13:14:32,243 - INFO - Shutting down
 2022-06-14 13:14:32,344 - INFO - Waiting for application shutdown.
 2022-06-14 13:14:32,345 - INFO - Application shutdown complete.
 2022-06-14 13:14:32,345 - INFO - Finished server process [263258]
